2021-10-04 15:02:31.240025 (MainThread): Running with dbt=0.20.2
2021-10-04 15:02:31.631793 (MainThread): running dbt with arguments Namespace(cls=<class 'dbt.task.rpc.server.RPCServerTask'>, debug=False, defer=None, exclude=None, host='0.0.0.0', log_cache_events=False, log_format='default', models=None, partial_parse=True, port=8580, profile='user', profiles_dir='/usr/src/develop/.dbt', project_dir=None, record_timing_info=None, rpc_method=None, single_threaded=False, state=None, strict=False, target=None, test_new_parser=False, threads=None, use_cache=True, use_colors=None, use_experimental_parser=False, vars='{}', version_check=True, warn_error=False, which='rpc', write_json=True)
2021-10-04 15:02:31.632813 (MainThread): Tracking: tracking
2021-10-04 15:02:31.633083 (MainThread): Sending event: {'category': 'dbt', 'action': 'invocation', 'label': 'start', 'context': [<snowplow_tracker.self_describing_json.SelfDescribingJson object at 0x7fe938130550>, <snowplow_tracker.self_describing_json.SelfDescribingJson object at 0x7fe905856ee0>, <snowplow_tracker.self_describing_json.SelfDescribingJson object at 0x7fe905856310>]}
2021-10-04 15:02:31.633440 (MainThread): Serving RPC server at 0.0.0.0:8580, pid=21
2021-10-04 15:02:31.633688 (MainThread): Supported methods: ['cli_args', 'compile', 'compile_sql', 'deps', 'docs.generate', 'gc', 'get-manifest', 'kill', 'list', 'poll', 'ps', 'run', 'run-operation', 'run_sql', 'seed', 'snapshot', 'snapshot-freshness', 'status', 'test']
2021-10-04 15:02:31.633818 (MainThread): Send requests to http://localhost:8580/jsonrpc
2021-10-04 15:02:33.262768 (Thread-13): handling status request
2021-10-04 15:02:33.263079 (Thread-13): Sending event: {'category': 'dbt', 'action': 'rpc_request', 'label': '1292b1c6-8bba-41eb-aea8-b139886aff00', 'context': [<snowplow_tracker.self_describing_json.SelfDescribingJson object at 0x7fe90588e160>]}
2021-10-04 15:02:33.263818 (Thread-13): sending response (<Response 360 bytes [200 OK]>) to 10.0.1.188
2021-10-04 15:02:46.764560 (Thread-14): handling status request
2021-10-04 15:02:46.764858 (Thread-14): Sending event: {'category': 'dbt', 'action': 'rpc_request', 'label': '1292b1c6-8bba-41eb-aea8-b139886aff00', 'context': [<snowplow_tracker.self_describing_json.SelfDescribingJson object at 0x7fe90588e2e0>]}
2021-10-04 15:02:46.765360 (Thread-14): sending response (<Response 360 bytes [200 OK]>) to 10.0.29.204
2021-10-04 15:02:47.175117 (Thread-15): handling status request
2021-10-04 15:02:47.175423 (Thread-15): Sending event: {'category': 'dbt', 'action': 'rpc_request', 'label': '1292b1c6-8bba-41eb-aea8-b139886aff00', 'context': [<snowplow_tracker.self_describing_json.SelfDescribingJson object at 0x7fe90588e4c0>]}
2021-10-04 15:02:47.175910 (Thread-15): sending response (<Response 360 bytes [200 OK]>) to 10.0.26.56
2021-10-04 15:02:47.858794 (Thread-16): handling deps request
2021-10-04 15:02:47.859085 (Thread-16): Sending event: {'category': 'dbt', 'action': 'rpc_request', 'label': '1292b1c6-8bba-41eb-aea8-b139886aff00', 'context': [<snowplow_tracker.self_describing_json.SelfDescribingJson object at 0x7fe90588e6a0>]}
2021-10-04 15:02:47.897505 (Thread-16): sending response (<Response 138 bytes [200 OK]>) to 10.0.31.182
2021-10-04 15:02:49.294846 (Thread-17): handling poll request
2021-10-04 15:02:49.295170 (Thread-17): Sending event: {'category': 'dbt', 'action': 'rpc_request', 'label': '1292b1c6-8bba-41eb-aea8-b139886aff00', 'context': [<snowplow_tracker.self_describing_json.SelfDescribingJson object at 0x7fe905842430>]}
2021-10-04 15:02:49.296016 (Thread-17): sending response (<Response 289 bytes [200 OK]>) to 10.0.38.186
2021-10-04 15:02:49.773922 (MainThread): Set downloads directory='/tmp/dbt-downloads-5yfmmoyv'
2021-10-04 15:02:49.774501 (MainThread): Making package registry request: GET https://hub.getdbt.com/api/v1/index.json
2021-10-04 15:02:49.791864 (MainThread): Response from registry: GET https://hub.getdbt.com/api/v1/index.json 200
2021-10-04 15:02:49.792295 (MainThread): Making package registry request: GET https://hub.getdbt.com/api/v1/dbt-labs/codegen.json
2021-10-04 15:02:49.902514 (MainThread): Response from registry: GET https://hub.getdbt.com/api/v1/dbt-labs/codegen.json 200
2021-10-04 15:02:49.904130 (MainThread): Making package registry request: GET https://hub.getdbt.com/api/v1/dbt-labs/codegen/0.3.0.json
2021-10-04 15:02:50.221802 (MainThread): Response from registry: GET https://hub.getdbt.com/api/v1/dbt-labs/codegen/0.3.0.json 200
2021-10-04 15:02:50.222501 (MainThread): Making package registry request: GET https://hub.getdbt.com/api/v1/dbt-labs/dbt_external_tables.json
2021-10-04 15:02:50.334365 (MainThread): Response from registry: GET https://hub.getdbt.com/api/v1/dbt-labs/dbt_external_tables.json 200
2021-10-04 15:02:50.336593 (MainThread): Making package registry request: GET https://hub.getdbt.com/api/v1/dbt-labs/dbt_external_tables/0.6.2.json
2021-10-04 15:02:50.792892 (MainThread): Response from registry: GET https://hub.getdbt.com/api/v1/dbt-labs/dbt_external_tables/0.6.2.json 200
2021-10-04 15:02:50.793569 (MainThread): Making package registry request: GET https://hub.getdbt.com/api/v1/gitlabhq/snowflake_spend.json
2021-10-04 15:02:50.907288 (MainThread): Response from registry: GET https://hub.getdbt.com/api/v1/gitlabhq/snowflake_spend.json 200
2021-10-04 15:02:50.908433 (MainThread): Making package registry request: GET https://hub.getdbt.com/api/v1/gitlabhq/snowflake_spend/1.2.0.json
2021-10-04 15:02:50.925294 (MainThread): Response from registry: GET https://hub.getdbt.com/api/v1/gitlabhq/snowflake_spend/1.2.0.json 200
2021-10-04 15:02:50.926188 (MainThread): Making package registry request: GET https://hub.getdbt.com/api/v1/fishtown-analytics/dbt_utils.json
2021-10-04 15:02:50.940928 (MainThread): Response from registry: GET https://hub.getdbt.com/api/v1/fishtown-analytics/dbt_utils.json 200
2021-10-04 15:02:50.950436 (MainThread): Making package registry request: GET https://hub.getdbt.com/api/v1/fishtown-analytics/dbt_utils/0.6.6.json
2021-10-04 15:02:51.060389 (MainThread): Response from registry: GET https://hub.getdbt.com/api/v1/fishtown-analytics/dbt_utils/0.6.6.json 200
2021-10-04 15:02:51.060738 (MainThread): Making package registry request: GET https://hub.getdbt.com/api/v1/dbt-labs/codegen.json
2021-10-04 15:02:51.076429 (MainThread): Response from registry: GET https://hub.getdbt.com/api/v1/dbt-labs/codegen.json 200
2021-10-04 15:02:51.077867 (MainThread): Making package registry request: GET https://hub.getdbt.com/api/v1/dbt-labs/dbt_external_tables.json
2021-10-04 15:02:51.094250 (MainThread): Response from registry: GET https://hub.getdbt.com/api/v1/dbt-labs/dbt_external_tables.json 200
2021-10-04 15:02:51.096258 (MainThread): Making package registry request: GET https://hub.getdbt.com/api/v1/gitlabhq/snowflake_spend.json
2021-10-04 15:02:51.112115 (MainThread): Response from registry: GET https://hub.getdbt.com/api/v1/gitlabhq/snowflake_spend.json 200
2021-10-04 15:02:51.113441 (MainThread): Making package registry request: GET https://hub.getdbt.com/api/v1/fishtown-analytics/dbt_utils.json
2021-10-04 15:02:51.129101 (MainThread): Response from registry: GET https://hub.getdbt.com/api/v1/fishtown-analytics/dbt_utils.json 200
2021-10-04 15:02:51.138476 (MainThread): Making package registry request: GET https://hub.getdbt.com/api/v1/dbt-labs/codegen/0.3.0.json
2021-10-04 15:02:51.253080 (MainThread): Response from registry: GET https://hub.getdbt.com/api/v1/dbt-labs/codegen/0.3.0.json 200
2021-10-04 15:02:51.253669 (MainThread): Making package registry request: GET https://hub.getdbt.com/api/v1/dbt-labs/dbt_external_tables/0.6.2.json
2021-10-04 15:02:51.387196 (MainThread): Response from registry: GET https://hub.getdbt.com/api/v1/dbt-labs/dbt_external_tables/0.6.2.json 200
2021-10-04 15:02:51.387752 (MainThread): Making package registry request: GET https://hub.getdbt.com/api/v1/gitlabhq/snowflake_spend/1.2.0.json
2021-10-04 15:02:51.403213 (MainThread): Response from registry: GET https://hub.getdbt.com/api/v1/gitlabhq/snowflake_spend/1.2.0.json 200
2021-10-04 15:02:51.403686 (MainThread): Making package registry request: GET https://hub.getdbt.com/api/v1/fishtown-analytics/dbt_utils/0.6.6.json
2021-10-04 15:02:51.421393 (MainThread): Response from registry: GET https://hub.getdbt.com/api/v1/fishtown-analytics/dbt_utils/0.6.6.json 200
2021-10-04 15:02:51.421942 (MainThread): Installing dbt-labs/codegen@0.3.0
2021-10-04 15:02:51.547050 (MainThread):   Installed from version 0.3.0
2021-10-04 15:02:51.547244 (MainThread): Sending event: {'category': 'dbt', 'action': 'package', 'label': 'bbc9759d-a6a6-4e27-89fe-57f8e5c4b559', 'property_': 'install', 'context': [<snowplow_tracker.self_describing_json.SelfDescribingJson object at 0x7fcae4f30820>, <snowplow_tracker.self_describing_json.SelfDescribingJson object at 0x7fcae4f30e20>]}
2021-10-04 15:02:51.547426 (MainThread): Installing dbt-labs/dbt_external_tables@0.6.2
2021-10-04 15:02:51.668861 (MainThread):   Installed from version 0.6.2
2021-10-04 15:02:51.669050 (MainThread): Sending event: {'category': 'dbt', 'action': 'package', 'label': 'bbc9759d-a6a6-4e27-89fe-57f8e5c4b559', 'property_': 'install', 'context': [<snowplow_tracker.self_describing_json.SelfDescribingJson object at 0x7fcae4f30dc0>, <snowplow_tracker.self_describing_json.SelfDescribingJson object at 0x7fcae4f30820>]}
2021-10-04 15:02:51.669218 (MainThread): Installing gitlabhq/snowflake_spend@1.2.0
2021-10-04 15:02:51.780022 (MainThread):   Installed from version 1.2.0
2021-10-04 15:02:51.780215 (MainThread): Sending event: {'category': 'dbt', 'action': 'package', 'label': 'bbc9759d-a6a6-4e27-89fe-57f8e5c4b559', 'property_': 'install', 'context': [<snowplow_tracker.self_describing_json.SelfDescribingJson object at 0x7fcae4ecf9d0>, <snowplow_tracker.self_describing_json.SelfDescribingJson object at 0x7fcae4f30820>]}
2021-10-04 15:02:51.780379 (MainThread): Installing fishtown-analytics/dbt_utils@0.6.6
2021-10-04 15:02:51.819393 (Thread-18): handling poll request
2021-10-04 15:02:51.819689 (Thread-18): Sending event: {'category': 'dbt', 'action': 'rpc_request', 'label': '1292b1c6-8bba-41eb-aea8-b139886aff00', 'context': [<snowplow_tracker.self_describing_json.SelfDescribingJson object at 0x7fe9058328e0>]}
2021-10-04 15:02:51.820647 (Thread-18): sending response (<Response 15286 bytes [200 OK]>) to 10.0.44.74
2021-10-04 15:02:51.824708 (MainThread):   Installed from version 0.6.6
2021-10-04 15:02:51.824887 (MainThread): Sending event: {'category': 'dbt', 'action': 'package', 'label': 'bbc9759d-a6a6-4e27-89fe-57f8e5c4b559', 'property_': 'install', 'context': [<snowplow_tracker.self_describing_json.SelfDescribingJson object at 0x7fcae4ede9d0>, <snowplow_tracker.self_describing_json.SelfDescribingJson object at 0x7fcae4f30820>]}
2021-10-04 15:02:54.677072 (Thread-19): handling poll request
2021-10-04 15:02:54.677384 (Thread-19): Sending event: {'category': 'dbt', 'action': 'rpc_request', 'label': '1292b1c6-8bba-41eb-aea8-b139886aff00', 'context': [<snowplow_tracker.self_describing_json.SelfDescribingJson object at 0x7fe90586deb0>]}
2021-10-04 15:02:54.677958 (Thread-19): sending response (<Response 788 bytes [200 OK]>) to 10.0.38.186
2021-10-04 15:02:56.411974 (Thread-20): handling status request
2021-10-04 15:02:56.412257 (Thread-20): Sending event: {'category': 'dbt', 'action': 'rpc_request', 'label': '1292b1c6-8bba-41eb-aea8-b139886aff00', 'context': [<snowplow_tracker.self_describing_json.SelfDescribingJson object at 0x7fe905826b80>]}
2021-10-04 15:02:56.413192 (Thread-20): sending response (<Response 16587 bytes [200 OK]>) to 10.0.31.182
2021-10-04 15:02:56.456352 (Thread-21): handling status request
2021-10-04 15:02:56.456617 (Thread-21): Sending event: {'category': 'dbt', 'action': 'rpc_request', 'label': '1292b1c6-8bba-41eb-aea8-b139886aff00', 'context': [<snowplow_tracker.self_describing_json.SelfDescribingJson object at 0x7fe905826b20>]}
2021-10-04 15:02:56.457405 (Thread-21): sending response (<Response 16587 bytes [200 OK]>) to 10.0.17.141
2021-10-04 15:02:56.501253 (Thread-22): handling status request
2021-10-04 15:02:56.501463 (Thread-22): Sending event: {'category': 'dbt', 'action': 'rpc_request', 'label': '1292b1c6-8bba-41eb-aea8-b139886aff00', 'context': [<snowplow_tracker.self_describing_json.SelfDescribingJson object at 0x7fe905826a30>]}
2021-10-04 15:02:56.502214 (Thread-22): sending response (<Response 16587 bytes [200 OK]>) to 10.0.17.141
2021-10-04 15:02:56.880855 (Thread-23): handling status request
2021-10-04 15:02:56.881149 (Thread-23): Sending event: {'category': 'dbt', 'action': 'rpc_request', 'label': '1292b1c6-8bba-41eb-aea8-b139886aff00', 'context': [<snowplow_tracker.self_describing_json.SelfDescribingJson object at 0x7fe90588e370>]}
2021-10-04 15:02:56.881964 (Thread-23): sending response (<Response 16587 bytes [200 OK]>) to 10.0.29.204
2021-10-04 15:05:03.790544 (Thread-25): handling status request
2021-10-04 15:05:03.790839 (Thread-25): Sending event: {'category': 'dbt', 'action': 'rpc_request', 'label': '1292b1c6-8bba-41eb-aea8-b139886aff00', 'context': [<snowplow_tracker.self_describing_json.SelfDescribingJson object at 0x7fe905832250>]}
2021-10-04 15:05:03.791348 (Thread-25): sending response (<Response 781 bytes [200 OK]>) to 10.0.12.35
2021-10-04 15:05:04.035958 (Thread-26): handling status request
2021-10-04 15:05:04.036246 (Thread-26): Sending event: {'category': 'dbt', 'action': 'rpc_request', 'label': '1292b1c6-8bba-41eb-aea8-b139886aff00', 'context': [<snowplow_tracker.self_describing_json.SelfDescribingJson object at 0x7fe905826a30>]}
2021-10-04 15:05:04.036760 (Thread-26): sending response (<Response 781 bytes [200 OK]>) to 10.0.44.140
2021-10-04 15:05:04.047583 (Thread-27): handling status request
2021-10-04 15:05:04.047797 (Thread-27): Sending event: {'category': 'dbt', 'action': 'rpc_request', 'label': '1292b1c6-8bba-41eb-aea8-b139886aff00', 'context': [<snowplow_tracker.self_describing_json.SelfDescribingJson object at 0x7fe9058264f0>]}
2021-10-04 15:05:04.048208 (Thread-27): sending response (<Response 781 bytes [200 OK]>) to 10.0.2.242
2021-10-04 15:05:08.393434 (Thread-28): handling status request
2021-10-04 15:05:08.393725 (Thread-28): Sending event: {'category': 'dbt', 'action': 'rpc_request', 'label': '1292b1c6-8bba-41eb-aea8-b139886aff00', 'context': [<snowplow_tracker.self_describing_json.SelfDescribingJson object at 0x7fe905826fd0>]}
2021-10-04 15:05:08.394216 (Thread-28): sending response (<Response 781 bytes [200 OK]>) to 10.0.17.141
2021-10-04 15:05:08.866219 (Thread-29): handling status request
2021-10-04 15:05:08.866530 (Thread-29): Sending event: {'category': 'dbt', 'action': 'rpc_request', 'label': '1292b1c6-8bba-41eb-aea8-b139886aff00', 'context': [<snowplow_tracker.self_describing_json.SelfDescribingJson object at 0x7fe9047d36a0>]}
2021-10-04 15:05:08.867010 (Thread-29): sending response (<Response 781 bytes [200 OK]>) to 10.0.22.35
2021-10-04 15:05:09.717119 (Thread-30): handling deps request
2021-10-04 15:05:09.717416 (Thread-30): Sending event: {'category': 'dbt', 'action': 'rpc_request', 'label': '1292b1c6-8bba-41eb-aea8-b139886aff00', 'context': [<snowplow_tracker.self_describing_json.SelfDescribingJson object at 0x7fe9047e31c0>]}
2021-10-04 15:05:09.749692 (Thread-30): sending response (<Response 138 bytes [200 OK]>) to 10.0.33.13
2021-10-04 15:05:10.933549 (Thread-31): handling poll request
2021-10-04 15:05:10.933872 (Thread-31): Sending event: {'category': 'dbt', 'action': 'rpc_request', 'label': '1292b1c6-8bba-41eb-aea8-b139886aff00', 'context': [<snowplow_tracker.self_describing_json.SelfDescribingJson object at 0x7fe9047de790>]}
2021-10-04 15:05:10.934708 (Thread-31): sending response (<Response 289 bytes [200 OK]>) to 10.0.29.204
2021-10-04 15:05:11.706329 (MainThread): Set downloads directory='/tmp/dbt-downloads-b7kzk5ai'
2021-10-04 15:05:11.706904 (MainThread): Making package registry request: GET https://hub.getdbt.com/api/v1/index.json
2021-10-04 15:05:11.725206 (MainThread): Response from registry: GET https://hub.getdbt.com/api/v1/index.json 200
2021-10-04 15:05:11.725682 (MainThread): Making package registry request: GET https://hub.getdbt.com/api/v1/dbt-labs/codegen.json
2021-10-04 15:05:11.742948 (MainThread): Response from registry: GET https://hub.getdbt.com/api/v1/dbt-labs/codegen.json 200
2021-10-04 15:05:11.744966 (MainThread): Making package registry request: GET https://hub.getdbt.com/api/v1/dbt-labs/codegen/0.4.0.json
2021-10-04 15:05:11.855318 (MainThread): Response from registry: GET https://hub.getdbt.com/api/v1/dbt-labs/codegen/0.4.0.json 200
2021-10-04 15:05:11.856076 (MainThread): Making package registry request: GET https://hub.getdbt.com/api/v1/dbt-labs/dbt_utils.json
2021-10-04 15:05:11.874934 (MainThread): Response from registry: GET https://hub.getdbt.com/api/v1/dbt-labs/dbt_utils.json 200
2021-10-04 15:05:11.885582 (MainThread): Making package registry request: GET https://hub.getdbt.com/api/v1/dbt-labs/dbt_utils/0.7.3.json
2021-10-04 15:05:11.901432 (MainThread): Response from registry: GET https://hub.getdbt.com/api/v1/dbt-labs/dbt_utils/0.7.3.json 200
2021-10-04 15:05:11.901856 (MainThread): Making package registry request: GET https://hub.getdbt.com/api/v1/dbt-labs/codegen.json
2021-10-04 15:05:12.011951 (MainThread): Response from registry: GET https://hub.getdbt.com/api/v1/dbt-labs/codegen.json 200
2021-10-04 15:05:12.013601 (MainThread): Making package registry request: GET https://hub.getdbt.com/api/v1/dbt-labs/dbt_utils.json
2021-10-04 15:05:12.124601 (MainThread): Response from registry: GET https://hub.getdbt.com/api/v1/dbt-labs/dbt_utils.json 200
2021-10-04 15:05:12.135339 (MainThread): Making package registry request: GET https://hub.getdbt.com/api/v1/dbt-labs/codegen/0.4.0.json
2021-10-04 15:05:12.246068 (MainThread): Response from registry: GET https://hub.getdbt.com/api/v1/dbt-labs/codegen/0.4.0.json 200
2021-10-04 15:05:12.246373 (MainThread): Making package registry request: GET https://hub.getdbt.com/api/v1/dbt-labs/dbt_utils/0.7.3.json
2021-10-04 15:05:12.262656 (MainThread): Response from registry: GET https://hub.getdbt.com/api/v1/dbt-labs/dbt_utils/0.7.3.json 200
2021-10-04 15:05:12.263004 (MainThread): Installing dbt-labs/codegen@0.4.0
2021-10-04 15:05:12.284468 (MainThread):   Installed from version 0.4.0
2021-10-04 15:05:12.284656 (MainThread): Sending event: {'category': 'dbt', 'action': 'package', 'label': '91b4332b-6fa2-48b5-af10-ad65af07683a', 'property_': 'install', 'context': [<snowplow_tracker.self_describing_json.SelfDescribingJson object at 0x7faa6c2c90d0>, <snowplow_tracker.self_describing_json.SelfDescribingJson object at 0x7faa6c2c9100>]}
2021-10-04 15:05:12.284839 (MainThread): Installing dbt-labs/dbt_utils@0.7.3
2021-10-04 15:05:12.329644 (MainThread):   Installed from version 0.7.3
2021-10-04 15:05:12.329829 (MainThread): Sending event: {'category': 'dbt', 'action': 'package', 'label': '91b4332b-6fa2-48b5-af10-ad65af07683a', 'property_': 'install', 'context': [<snowplow_tracker.self_describing_json.SelfDescribingJson object at 0x7faa6a9cc2e0>, <snowplow_tracker.self_describing_json.SelfDescribingJson object at 0x7faa6c2c9cd0>]}
2021-10-04 15:05:12.531521 (70bfb75a-bab9-4b8e-a80c-464c20190466-handler-deps): Unable to do partial parsing because target/partial_parse.msgpack not found
2021-10-04 15:05:12.531776 (70bfb75a-bab9-4b8e-a80c-464c20190466-handler-deps): Sending event: {'category': 'dbt', 'action': 'partial_parser', 'label': '1292b1c6-8bba-41eb-aea8-b139886aff00', 'context': [<snowplow_tracker.self_describing_json.SelfDescribingJson object at 0x7fe9047debb0>]}
2021-10-04 15:05:12.656782 (70bfb75a-bab9-4b8e-a80c-464c20190466-handler-deps): Parsing macros/parallel_insert_setup.sql
2021-10-04 15:05:12.658780 (70bfb75a-bab9-4b8e-a80c-464c20190466-handler-deps): Parsing macros/ref.sql
2021-10-04 15:05:12.660119 (70bfb75a-bab9-4b8e-a80c-464c20190466-handler-deps): Parsing macros/nested_macro_args_test.sql
2021-10-04 15:05:12.661013 (70bfb75a-bab9-4b8e-a80c-464c20190466-handler-deps): Parsing macros/convert_money.sql
2021-10-04 15:05:12.661383 (70bfb75a-bab9-4b8e-a80c-464c20190466-handler-deps): Parsing macros/get_current_datetime.sql
2021-10-04 15:05:12.662102 (70bfb75a-bab9-4b8e-a80c-464c20190466-handler-deps): Parsing macros/unit_test_mode.sql
2021-10-04 15:05:12.663437 (70bfb75a-bab9-4b8e-a80c-464c20190466-handler-deps): Parsing macros/use_warehouse.sql
2021-10-04 15:05:12.663886 (70bfb75a-bab9-4b8e-a80c-464c20190466-handler-deps): Parsing macros/parallel_insert_mat.sql
2021-10-04 15:05:12.667299 (70bfb75a-bab9-4b8e-a80c-464c20190466-handler-deps): Parsing macros/insert_into.sql
2021-10-04 15:05:12.667984 (70bfb75a-bab9-4b8e-a80c-464c20190466-handler-deps): Parsing macros/standard_account_fields.sql
2021-10-04 15:05:12.668975 (70bfb75a-bab9-4b8e-a80c-464c20190466-handler-deps): Parsing macros/grant_all_on_schemas.sql
2021-10-04 15:05:12.670215 (70bfb75a-bab9-4b8e-a80c-464c20190466-handler-deps): Parsing macros/udf_area_of_circle.sql
2021-10-04 15:05:12.670834 (70bfb75a-bab9-4b8e-a80c-464c20190466-handler-deps): Parsing macros/create_udfs.sql
2021-10-04 15:05:12.671313 (70bfb75a-bab9-4b8e-a80c-464c20190466-handler-deps): Parsing macros/cents_to_dollars.sql
2021-10-04 15:05:12.671843 (70bfb75a-bab9-4b8e-a80c-464c20190466-handler-deps): Parsing macros/limit_data_in_dev.sql
2021-10-04 15:05:12.672596 (70bfb75a-bab9-4b8e-a80c-464c20190466-handler-deps): Parsing macros/test_all_values_gte_zero.sql
2021-10-04 15:05:12.673145 (70bfb75a-bab9-4b8e-a80c-464c20190466-handler-deps): Parsing macros/block_on_tests.sql
2021-10-04 15:05:12.674790 (70bfb75a-bab9-4b8e-a80c-464c20190466-handler-deps): Parsing macros/apply_hash.sql
2021-10-04 15:05:12.675280 (70bfb75a-bab9-4b8e-a80c-464c20190466-handler-deps): Parsing macros/adapters.sql
2021-10-04 15:05:12.703220 (70bfb75a-bab9-4b8e-a80c-464c20190466-handler-deps): Parsing macros/catalog.sql
2021-10-04 15:05:12.705014 (70bfb75a-bab9-4b8e-a80c-464c20190466-handler-deps): Parsing macros/materializations/table.sql
2021-10-04 15:05:12.708413 (70bfb75a-bab9-4b8e-a80c-464c20190466-handler-deps): Parsing macros/materializations/merge.sql
2021-10-04 15:05:12.710178 (70bfb75a-bab9-4b8e-a80c-464c20190466-handler-deps): Parsing macros/materializations/incremental.sql
2021-10-04 15:05:12.718500 (70bfb75a-bab9-4b8e-a80c-464c20190466-handler-deps): Parsing macros/materializations/view.sql
2021-10-04 15:05:12.719772 (70bfb75a-bab9-4b8e-a80c-464c20190466-handler-deps): Parsing macros/core.sql
2021-10-04 15:05:12.723280 (70bfb75a-bab9-4b8e-a80c-464c20190466-handler-deps): Parsing macros/materializations/test.sql
2021-10-04 15:05:12.729454 (70bfb75a-bab9-4b8e-a80c-464c20190466-handler-deps): Parsing macros/materializations/helpers.sql
2021-10-04 15:05:12.738676 (70bfb75a-bab9-4b8e-a80c-464c20190466-handler-deps): Parsing macros/materializations/common/merge.sql
2021-10-04 15:05:12.751830 (70bfb75a-bab9-4b8e-a80c-464c20190466-handler-deps): Parsing macros/materializations/snapshot/snapshot_merge.sql
2021-10-04 15:05:12.753386 (70bfb75a-bab9-4b8e-a80c-464c20190466-handler-deps): Parsing macros/materializations/snapshot/strategies.sql
2021-10-04 15:05:12.769492 (70bfb75a-bab9-4b8e-a80c-464c20190466-handler-deps): Parsing macros/materializations/snapshot/snapshot.sql
2021-10-04 15:05:12.798978 (70bfb75a-bab9-4b8e-a80c-464c20190466-handler-deps): Parsing macros/materializations/view/create_or_replace_view.sql
2021-10-04 15:05:12.803478 (70bfb75a-bab9-4b8e-a80c-464c20190466-handler-deps): Parsing macros/materializations/view/view.sql
2021-10-04 15:05:12.809116 (70bfb75a-bab9-4b8e-a80c-464c20190466-handler-deps): Parsing macros/materializations/seed/seed.sql
2021-10-04 15:05:12.828679 (70bfb75a-bab9-4b8e-a80c-464c20190466-handler-deps): Parsing macros/materializations/table/table.sql
2021-10-04 15:05:12.834913 (70bfb75a-bab9-4b8e-a80c-464c20190466-handler-deps): Parsing macros/materializations/incremental/helpers.sql
2021-10-04 15:05:12.836585 (70bfb75a-bab9-4b8e-a80c-464c20190466-handler-deps): Parsing macros/materializations/incremental/incremental.sql
2021-10-04 15:05:12.843669 (70bfb75a-bab9-4b8e-a80c-464c20190466-handler-deps): Parsing macros/etc/is_incremental.sql
2021-10-04 15:05:12.845146 (70bfb75a-bab9-4b8e-a80c-464c20190466-handler-deps): Parsing macros/etc/query.sql
2021-10-04 15:05:12.846058 (70bfb75a-bab9-4b8e-a80c-464c20190466-handler-deps): Parsing macros/etc/datetime.sql
2021-10-04 15:05:12.854052 (70bfb75a-bab9-4b8e-a80c-464c20190466-handler-deps): Parsing macros/etc/get_custom_alias.sql
2021-10-04 15:05:12.854887 (70bfb75a-bab9-4b8e-a80c-464c20190466-handler-deps): Parsing macros/etc/get_custom_database.sql
2021-10-04 15:05:12.856361 (70bfb75a-bab9-4b8e-a80c-464c20190466-handler-deps): Parsing macros/etc/get_custom_schema.sql
2021-10-04 15:05:12.858124 (70bfb75a-bab9-4b8e-a80c-464c20190466-handler-deps): Parsing macros/schema_tests/not_null.sql
2021-10-04 15:05:12.859227 (70bfb75a-bab9-4b8e-a80c-464c20190466-handler-deps): Parsing macros/schema_tests/accepted_values.sql
2021-10-04 15:05:12.861232 (70bfb75a-bab9-4b8e-a80c-464c20190466-handler-deps): Parsing macros/schema_tests/relationships.sql
2021-10-04 15:05:12.862742 (70bfb75a-bab9-4b8e-a80c-464c20190466-handler-deps): Parsing macros/schema_tests/unique.sql
2021-10-04 15:05:12.864150 (70bfb75a-bab9-4b8e-a80c-464c20190466-handler-deps): Parsing macros/adapters/common.sql
2021-10-04 15:05:12.908553 (70bfb75a-bab9-4b8e-a80c-464c20190466-handler-deps): Parsing macros/sql/pivot.sql
2021-10-04 15:05:12.912488 (70bfb75a-bab9-4b8e-a80c-464c20190466-handler-deps): Parsing macros/sql/nullcheck_table.sql
2021-10-04 15:05:12.914110 (70bfb75a-bab9-4b8e-a80c-464c20190466-handler-deps): Parsing macros/sql/date_spine.sql
2021-10-04 15:05:12.918615 (70bfb75a-bab9-4b8e-a80c-464c20190466-handler-deps): Parsing macros/sql/get_relations_by_prefix.sql
2021-10-04 15:05:12.921877 (70bfb75a-bab9-4b8e-a80c-464c20190466-handler-deps): Parsing macros/sql/unpivot.sql
2021-10-04 15:05:12.929827 (70bfb75a-bab9-4b8e-a80c-464c20190466-handler-deps): Parsing macros/sql/get_column_values.sql
2021-10-04 15:05:12.934556 (70bfb75a-bab9-4b8e-a80c-464c20190466-handler-deps): Parsing macros/sql/get_query_results_as_dict.sql
2021-10-04 15:05:12.936835 (70bfb75a-bab9-4b8e-a80c-464c20190466-handler-deps): Parsing macros/sql/star.sql
2021-10-04 15:05:12.940169 (70bfb75a-bab9-4b8e-a80c-464c20190466-handler-deps): Parsing macros/sql/groupby.sql
2021-10-04 15:05:12.941681 (70bfb75a-bab9-4b8e-a80c-464c20190466-handler-deps): Parsing macros/sql/get_relations_by_pattern.sql
2021-10-04 15:05:12.944947 (70bfb75a-bab9-4b8e-a80c-464c20190466-handler-deps): Parsing macros/sql/generate_series.sql
2021-10-04 15:05:12.949074 (70bfb75a-bab9-4b8e-a80c-464c20190466-handler-deps): Parsing macros/sql/safe_add.sql
2021-10-04 15:05:12.950630 (70bfb75a-bab9-4b8e-a80c-464c20190466-handler-deps): Parsing macros/sql/surrogate_key.sql
2021-10-04 15:05:12.954077 (70bfb75a-bab9-4b8e-a80c-464c20190466-handler-deps): Parsing macros/sql/haversine_distance.sql
2021-10-04 15:05:12.959658 (70bfb75a-bab9-4b8e-a80c-464c20190466-handler-deps): Parsing macros/sql/union.sql
2021-10-04 15:05:12.967500 (70bfb75a-bab9-4b8e-a80c-464c20190466-handler-deps): Parsing macros/sql/get_tables_by_prefix_sql.sql
2021-10-04 15:05:12.969121 (70bfb75a-bab9-4b8e-a80c-464c20190466-handler-deps): Parsing macros/sql/get_tables_by_pattern_sql.sql
2021-10-04 15:05:12.975068 (70bfb75a-bab9-4b8e-a80c-464c20190466-handler-deps): Parsing macros/sql/nullcheck.sql
2021-10-04 15:05:12.976673 (70bfb75a-bab9-4b8e-a80c-464c20190466-handler-deps): Parsing macros/jinja_helpers/pretty_log_format.sql
2021-10-04 15:05:12.977766 (70bfb75a-bab9-4b8e-a80c-464c20190466-handler-deps): Parsing macros/jinja_helpers/slugify.sql
2021-10-04 15:05:12.978911 (70bfb75a-bab9-4b8e-a80c-464c20190466-handler-deps): Parsing macros/jinja_helpers/pretty_time.sql
2021-10-04 15:05:12.980099 (70bfb75a-bab9-4b8e-a80c-464c20190466-handler-deps): Parsing macros/jinja_helpers/log_info.sql
2021-10-04 15:05:12.981245 (70bfb75a-bab9-4b8e-a80c-464c20190466-handler-deps): Parsing macros/web/get_url_host.sql
2021-10-04 15:05:12.982969 (70bfb75a-bab9-4b8e-a80c-464c20190466-handler-deps): Parsing macros/web/get_url_parameter.sql
2021-10-04 15:05:12.984488 (70bfb75a-bab9-4b8e-a80c-464c20190466-handler-deps): Parsing macros/web/get_url_path.sql
2021-10-04 15:05:12.987139 (70bfb75a-bab9-4b8e-a80c-464c20190466-handler-deps): Parsing macros/materializations/insert_by_period_materialization.sql
2021-10-04 15:05:13.010237 (70bfb75a-bab9-4b8e-a80c-464c20190466-handler-deps): Parsing macros/cross_db_utils/current_timestamp.sql
2021-10-04 15:05:13.013689 (70bfb75a-bab9-4b8e-a80c-464c20190466-handler-deps): Parsing macros/cross_db_utils/dateadd.sql
2021-10-04 15:05:13.016459 (70bfb75a-bab9-4b8e-a80c-464c20190466-handler-deps): Parsing macros/cross_db_utils/width_bucket.sql
2021-10-04 15:05:13.021433 (70bfb75a-bab9-4b8e-a80c-464c20190466-handler-deps): Parsing macros/cross_db_utils/right.sql
2021-10-04 15:05:13.023669 (70bfb75a-bab9-4b8e-a80c-464c20190466-handler-deps): Parsing macros/cross_db_utils/safe_cast.sql
2021-10-04 15:05:13.025833 (70bfb75a-bab9-4b8e-a80c-464c20190466-handler-deps): Parsing macros/cross_db_utils/hash.sql
2021-10-04 15:05:13.026475 (Thread-32): handling poll request
2021-10-04 15:05:13.028024 (70bfb75a-bab9-4b8e-a80c-464c20190466-handler-deps): Parsing macros/cross_db_utils/position.sql
2021-10-04 15:05:13.028273 (Thread-32): Sending event: {'category': 'dbt', 'action': 'rpc_request', 'label': '1292b1c6-8bba-41eb-aea8-b139886aff00', 'context': [<snowplow_tracker.self_describing_json.SelfDescribingJson object at 0x7fe9046e2400>]}
2021-10-04 15:05:13.029997 (70bfb75a-bab9-4b8e-a80c-464c20190466-handler-deps): Parsing macros/cross_db_utils/length.sql
2021-10-04 15:05:13.030785 (Thread-32): sending response (<Response 8516 bytes [200 OK]>) to 10.0.29.204
2021-10-04 15:05:13.032102 (70bfb75a-bab9-4b8e-a80c-464c20190466-handler-deps): Parsing macros/cross_db_utils/intersect.sql
2021-10-04 15:05:13.033497 (70bfb75a-bab9-4b8e-a80c-464c20190466-handler-deps): Parsing macros/cross_db_utils/_is_relation.sql
2021-10-04 15:05:13.034665 (70bfb75a-bab9-4b8e-a80c-464c20190466-handler-deps): Parsing macros/cross_db_utils/cast_bool_to_text.sql
2021-10-04 15:05:13.036091 (70bfb75a-bab9-4b8e-a80c-464c20190466-handler-deps): Parsing macros/cross_db_utils/last_day.sql
2021-10-04 15:05:13.039752 (70bfb75a-bab9-4b8e-a80c-464c20190466-handler-deps): Parsing macros/cross_db_utils/except.sql
2021-10-04 15:05:13.040865 (70bfb75a-bab9-4b8e-a80c-464c20190466-handler-deps): Parsing macros/cross_db_utils/date_trunc.sql
2021-10-04 15:05:13.042281 (70bfb75a-bab9-4b8e-a80c-464c20190466-handler-deps): Parsing macros/cross_db_utils/identifier.sql
2021-10-04 15:05:13.043861 (70bfb75a-bab9-4b8e-a80c-464c20190466-handler-deps): Parsing macros/cross_db_utils/_is_ephemeral.sql
2021-10-04 15:05:13.045708 (70bfb75a-bab9-4b8e-a80c-464c20190466-handler-deps): Parsing macros/cross_db_utils/literal.sql
2021-10-04 15:05:13.046615 (70bfb75a-bab9-4b8e-a80c-464c20190466-handler-deps): Parsing macros/cross_db_utils/replace.sql
2021-10-04 15:05:13.047804 (70bfb75a-bab9-4b8e-a80c-464c20190466-handler-deps): Parsing macros/cross_db_utils/concat.sql
2021-10-04 15:05:13.048782 (70bfb75a-bab9-4b8e-a80c-464c20190466-handler-deps): Parsing macros/cross_db_utils/split_part.sql
2021-10-04 15:05:13.050537 (70bfb75a-bab9-4b8e-a80c-464c20190466-handler-deps): Parsing macros/cross_db_utils/datediff.sql
2021-10-04 15:05:13.060203 (70bfb75a-bab9-4b8e-a80c-464c20190466-handler-deps): Parsing macros/cross_db_utils/datatypes.sql
2021-10-04 15:05:13.065919 (70bfb75a-bab9-4b8e-a80c-464c20190466-handler-deps): Parsing macros/schema_tests/fewer_rows_than.sql
2021-10-04 15:05:13.067688 (70bfb75a-bab9-4b8e-a80c-464c20190466-handler-deps): Parsing macros/schema_tests/equal_rowcount.sql
2021-10-04 15:05:13.069294 (70bfb75a-bab9-4b8e-a80c-464c20190466-handler-deps): Parsing macros/schema_tests/test_not_null_where.sql
2021-10-04 15:05:13.070976 (70bfb75a-bab9-4b8e-a80c-464c20190466-handler-deps): Parsing macros/schema_tests/recency.sql
2021-10-04 15:05:13.072687 (70bfb75a-bab9-4b8e-a80c-464c20190466-handler-deps): Parsing macros/schema_tests/not_null_proportion.sql
2021-10-04 15:05:13.074787 (70bfb75a-bab9-4b8e-a80c-464c20190466-handler-deps): Parsing macros/schema_tests/test_unique_where.sql
2021-10-04 15:05:13.076243 (70bfb75a-bab9-4b8e-a80c-464c20190466-handler-deps): Parsing macros/schema_tests/sequential_values.sql
2021-10-04 15:05:13.078801 (70bfb75a-bab9-4b8e-a80c-464c20190466-handler-deps): Parsing macros/schema_tests/accepted_range.sql
2021-10-04 15:05:13.081201 (70bfb75a-bab9-4b8e-a80c-464c20190466-handler-deps): Parsing macros/schema_tests/expression_is_true.sql
2021-10-04 15:05:13.082952 (70bfb75a-bab9-4b8e-a80c-464c20190466-handler-deps): Parsing macros/schema_tests/not_constant.sql
2021-10-04 15:05:13.084428 (70bfb75a-bab9-4b8e-a80c-464c20190466-handler-deps): Parsing macros/schema_tests/relationships_where.sql
2021-10-04 15:05:13.087053 (70bfb75a-bab9-4b8e-a80c-464c20190466-handler-deps): Parsing macros/schema_tests/not_accepted_values.sql
2021-10-04 15:05:13.089118 (70bfb75a-bab9-4b8e-a80c-464c20190466-handler-deps): Parsing macros/schema_tests/cardinality_equality.sql
2021-10-04 15:05:13.091018 (70bfb75a-bab9-4b8e-a80c-464c20190466-handler-deps): Parsing macros/schema_tests/mutually_exclusive_ranges.sql
2021-10-04 15:05:13.099649 (70bfb75a-bab9-4b8e-a80c-464c20190466-handler-deps): Parsing macros/schema_tests/at_least_one.sql
2021-10-04 15:05:13.101003 (70bfb75a-bab9-4b8e-a80c-464c20190466-handler-deps): Parsing macros/schema_tests/equality.sql
2021-10-04 15:05:13.104587 (70bfb75a-bab9-4b8e-a80c-464c20190466-handler-deps): Parsing macros/schema_tests/unique_combination_of_columns.sql
2021-10-04 15:05:13.107554 (70bfb75a-bab9-4b8e-a80c-464c20190466-handler-deps): Parsing macros/generate_source.sql
2021-10-04 15:05:13.114837 (70bfb75a-bab9-4b8e-a80c-464c20190466-handler-deps): Parsing macros/generate_model_yaml.sql
2021-10-04 15:05:13.117891 (70bfb75a-bab9-4b8e-a80c-464c20190466-handler-deps): Parsing macros/generate_base_model.sql
2021-10-04 15:05:13.443837 (70bfb75a-bab9-4b8e-a80c-464c20190466-handler-deps): Acquiring new snowflake connection "model.tpch.all_days".
2021-10-04 15:05:13.480383 (70bfb75a-bab9-4b8e-a80c-464c20190466-handler-deps): Acquiring new snowflake connection "model.tpch.current_timestamp".
2021-10-04 15:05:13.483285 (70bfb75a-bab9-4b8e-a80c-464c20190466-handler-deps): Acquiring new snowflake connection "model.tpch.agg_fct_orders".
2021-10-04 15:05:13.492519 (70bfb75a-bab9-4b8e-a80c-464c20190466-handler-deps): Acquiring new snowflake connection "model.tpch.materialization_incremental".
2021-10-04 15:05:13.499835 (70bfb75a-bab9-4b8e-a80c-464c20190466-handler-deps): Sending event: {'category': 'dbt', 'action': 'experimental_parser', 'label': '1292b1c6-8bba-41eb-aea8-b139886aff00', 'context': [<snowplow_tracker.self_describing_json.SelfDescribingJson object at 0x7fe9045bf6d0>]}
2021-10-04 15:05:13.500817 (70bfb75a-bab9-4b8e-a80c-464c20190466-handler-deps): Acquiring new snowflake connection "model.tpch.parallel_insert_2".
2021-10-04 15:05:13.519200 (70bfb75a-bab9-4b8e-a80c-464c20190466-handler-deps): Acquiring new snowflake connection "model.tpch.parallel_insert_1".
2021-10-04 15:05:13.537941 (70bfb75a-bab9-4b8e-a80c-464c20190466-handler-deps): Acquiring new snowflake connection "model.tpch.get_area_of_circle".
2021-10-04 15:05:13.540446 (70bfb75a-bab9-4b8e-a80c-464c20190466-handler-deps): Acquiring new snowflake connection "model.tpch.parallel_insert_4".
2021-10-04 15:05:13.558891 (70bfb75a-bab9-4b8e-a80c-464c20190466-handler-deps): Acquiring new snowflake connection "model.tpch.use_variables".
2021-10-04 15:05:13.563216 (70bfb75a-bab9-4b8e-a80c-464c20190466-handler-deps): Acquiring new snowflake connection "model.tpch.parallel_insert_3".
2021-10-04 15:05:13.581216 (70bfb75a-bab9-4b8e-a80c-464c20190466-handler-deps): Acquiring new snowflake connection "model.tpch.stg_tpch_nations".
2021-10-04 15:05:13.585204 (70bfb75a-bab9-4b8e-a80c-464c20190466-handler-deps): Acquiring new snowflake connection "model.tpch.stg_tpch_line_items".
2021-10-04 15:05:13.604090 (70bfb75a-bab9-4b8e-a80c-464c20190466-handler-deps): Acquiring new snowflake connection "model.tpch.stg_tpch_customers".
2021-10-04 15:05:13.608517 (70bfb75a-bab9-4b8e-a80c-464c20190466-handler-deps): Acquiring new snowflake connection "model.tpch.stg_tpch_parts".
2021-10-04 15:05:13.612473 (70bfb75a-bab9-4b8e-a80c-464c20190466-handler-deps): Acquiring new snowflake connection "model.tpch.stg_tpch_suppliers".
2021-10-04 15:05:13.616106 (70bfb75a-bab9-4b8e-a80c-464c20190466-handler-deps): Acquiring new snowflake connection "model.tpch.stg_tpch_orders".
2021-10-04 15:05:13.620178 (70bfb75a-bab9-4b8e-a80c-464c20190466-handler-deps): Acquiring new snowflake connection "model.tpch.stg_tpch_regions".
2021-10-04 15:05:13.623974 (70bfb75a-bab9-4b8e-a80c-464c20190466-handler-deps): Acquiring new snowflake connection "model.tpch.stg_tpch_part_suppliers".
2021-10-04 15:05:13.628681 (70bfb75a-bab9-4b8e-a80c-464c20190466-handler-deps): Acquiring new snowflake connection "model.tpch.agg_ship_modes_dynamic_pivot".
2021-10-04 15:05:13.635300 (70bfb75a-bab9-4b8e-a80c-464c20190466-handler-deps): Acquiring new snowflake connection "model.tpch.agg_ship_modes_hardcoded_pivot".
2021-10-04 15:05:13.639111 (70bfb75a-bab9-4b8e-a80c-464c20190466-handler-deps): Acquiring new snowflake connection "model.tpch.fct_order_items".
2021-10-04 15:05:13.644919 (70bfb75a-bab9-4b8e-a80c-464c20190466-handler-deps): Acquiring new snowflake connection "model.tpch.fct_orders".
2021-10-04 15:05:13.649579 (70bfb75a-bab9-4b8e-a80c-464c20190466-handler-deps): Acquiring new snowflake connection "model.tpch.dim_customers".
2021-10-04 15:05:13.654611 (70bfb75a-bab9-4b8e-a80c-464c20190466-handler-deps): Acquiring new snowflake connection "model.tpch.dim_suppliers".
2021-10-04 15:05:13.659235 (70bfb75a-bab9-4b8e-a80c-464c20190466-handler-deps): Acquiring new snowflake connection "model.tpch.dim_parts".
2021-10-04 15:05:13.663411 (70bfb75a-bab9-4b8e-a80c-464c20190466-handler-deps): Acquiring new snowflake connection "model.tpch.order_items".
2021-10-04 15:05:13.669267 (70bfb75a-bab9-4b8e-a80c-464c20190466-handler-deps): Acquiring new snowflake connection "model.tpch.part_suppliers".
2021-10-04 15:05:13.680833 (70bfb75a-bab9-4b8e-a80c-464c20190466-handler-deps): Acquiring new snowflake connection "analysis.tpch.select_from_orders_example".
2021-10-04 15:05:13.695873 (70bfb75a-bab9-4b8e-a80c-464c20190466-handler-deps): Acquiring new snowflake connection "test.tpch.macro_stg_tpch_orders_assert_pos_price".
2021-10-04 15:05:13.701604 (70bfb75a-bab9-4b8e-a80c-464c20190466-handler-deps): Acquiring new snowflake connection "test.tpch.macro_stg_tphc_suppliers_assert_pos_acct_bal".
2021-10-04 15:05:13.706244 (70bfb75a-bab9-4b8e-a80c-464c20190466-handler-deps): Acquiring new snowflake connection "test.tpch.stg_tpch_orders_assert_positive_price".
2021-10-04 15:05:13.710743 (70bfb75a-bab9-4b8e-a80c-464c20190466-handler-deps): Acquiring new snowflake connection "test.tpch.select_from_orders_example".
2021-10-04 15:05:13.716381 (70bfb75a-bab9-4b8e-a80c-464c20190466-handler-deps): Acquiring new snowflake connection "test.tpch.parallel_insert_setup".
2021-10-04 15:05:13.720933 (70bfb75a-bab9-4b8e-a80c-464c20190466-handler-deps): Acquiring new snowflake connection "test.tpch.ref".
2021-10-04 15:05:13.726577 (70bfb75a-bab9-4b8e-a80c-464c20190466-handler-deps): Acquiring new snowflake connection "test.tpch.nested_macro_args_test".
2021-10-04 15:05:13.731745 (70bfb75a-bab9-4b8e-a80c-464c20190466-handler-deps): Acquiring new snowflake connection "test.tpch.convert_money".
2021-10-04 15:05:13.735674 (70bfb75a-bab9-4b8e-a80c-464c20190466-handler-deps): Acquiring new snowflake connection "test.tpch.get_current_datetime".
2021-10-04 15:05:13.740271 (70bfb75a-bab9-4b8e-a80c-464c20190466-handler-deps): Acquiring new snowflake connection "test.tpch.unit_test_mode".
2021-10-04 15:05:13.746114 (70bfb75a-bab9-4b8e-a80c-464c20190466-handler-deps): Acquiring new snowflake connection "test.tpch.use_warehouse".
2021-10-04 15:05:13.750127 (70bfb75a-bab9-4b8e-a80c-464c20190466-handler-deps): Acquiring new snowflake connection "test.tpch.parallel_insert_mat".
2021-10-04 15:05:13.759554 (70bfb75a-bab9-4b8e-a80c-464c20190466-handler-deps): Acquiring new snowflake connection "test.tpch.insert_into".
2021-10-04 15:05:13.764977 (70bfb75a-bab9-4b8e-a80c-464c20190466-handler-deps): Acquiring new snowflake connection "test.tpch.standard_account_fields".
2021-10-04 15:05:13.769631 (70bfb75a-bab9-4b8e-a80c-464c20190466-handler-deps): Acquiring new snowflake connection "test.tpch.grant_all_on_schemas".
2021-10-04 15:05:13.774516 (70bfb75a-bab9-4b8e-a80c-464c20190466-handler-deps): Acquiring new snowflake connection "test.tpch.udf_area_of_circle".
2021-10-04 15:05:13.778756 (70bfb75a-bab9-4b8e-a80c-464c20190466-handler-deps): Acquiring new snowflake connection "test.tpch.create_udfs".
2021-10-04 15:05:13.782744 (70bfb75a-bab9-4b8e-a80c-464c20190466-handler-deps): Acquiring new snowflake connection "test.tpch.cents_to_dollars".
2021-10-04 15:05:13.786894 (70bfb75a-bab9-4b8e-a80c-464c20190466-handler-deps): Acquiring new snowflake connection "test.tpch.limit_data_in_dev".
2021-10-04 15:05:13.791333 (70bfb75a-bab9-4b8e-a80c-464c20190466-handler-deps): Acquiring new snowflake connection "test.tpch.test_all_values_gte_zero".
2021-10-04 15:05:13.795413 (70bfb75a-bab9-4b8e-a80c-464c20190466-handler-deps): Acquiring new snowflake connection "test.tpch.block_on_tests".
2021-10-04 15:05:13.802433 (70bfb75a-bab9-4b8e-a80c-464c20190466-handler-deps): Acquiring new snowflake connection "test.tpch.apply_hash".
2021-10-04 15:05:13.806368 (70bfb75a-bab9-4b8e-a80c-464c20190466-handler-deps): Acquiring new snowflake connection "test.tpch.all_days".
2021-10-04 15:05:13.811245 (70bfb75a-bab9-4b8e-a80c-464c20190466-handler-deps): Acquiring new snowflake connection "test.tpch.current_timestamp".
2021-10-04 15:05:13.814022 (70bfb75a-bab9-4b8e-a80c-464c20190466-handler-deps): Acquiring new snowflake connection "test.tpch.agg_fct_orders".
2021-10-04 15:05:13.818094 (70bfb75a-bab9-4b8e-a80c-464c20190466-handler-deps): Acquiring new snowflake connection "test.tpch.materialization_incremental".
2021-10-04 15:05:13.822697 (70bfb75a-bab9-4b8e-a80c-464c20190466-handler-deps): Acquiring new snowflake connection "test.tpch.parallel_insert_2".
2021-10-04 15:05:13.842262 (70bfb75a-bab9-4b8e-a80c-464c20190466-handler-deps): Acquiring new snowflake connection "test.tpch.parallel_insert_1".
2021-10-04 15:05:13.860602 (70bfb75a-bab9-4b8e-a80c-464c20190466-handler-deps): Acquiring new snowflake connection "test.tpch.get_area_of_circle".
2021-10-04 15:05:13.863372 (70bfb75a-bab9-4b8e-a80c-464c20190466-handler-deps): Acquiring new snowflake connection "test.tpch.parallel_insert_4".
2021-10-04 15:05:13.882005 (70bfb75a-bab9-4b8e-a80c-464c20190466-handler-deps): Acquiring new snowflake connection "test.tpch.use_variables".
2021-10-04 15:05:13.886723 (70bfb75a-bab9-4b8e-a80c-464c20190466-handler-deps): Acquiring new snowflake connection "test.tpch.parallel_insert_3".
2021-10-04 15:05:13.905563 (70bfb75a-bab9-4b8e-a80c-464c20190466-handler-deps): Acquiring new snowflake connection "test.tpch.stg_tpch_nations".
2021-10-04 15:05:13.909445 (70bfb75a-bab9-4b8e-a80c-464c20190466-handler-deps): Acquiring new snowflake connection "test.tpch.stg_tpch_line_items".
2021-10-04 15:05:13.915014 (70bfb75a-bab9-4b8e-a80c-464c20190466-handler-deps): Acquiring new snowflake connection "test.tpch.stg_tpch_customers".
2021-10-04 15:05:13.918800 (70bfb75a-bab9-4b8e-a80c-464c20190466-handler-deps): Acquiring new snowflake connection "test.tpch.stg_tpch_parts".
2021-10-04 15:05:13.922601 (70bfb75a-bab9-4b8e-a80c-464c20190466-handler-deps): Acquiring new snowflake connection "test.tpch.stg_tpch_suppliers".
2021-10-04 15:05:13.926518 (70bfb75a-bab9-4b8e-a80c-464c20190466-handler-deps): Acquiring new snowflake connection "test.tpch.stg_tpch_orders".
2021-10-04 15:05:13.930602 (70bfb75a-bab9-4b8e-a80c-464c20190466-handler-deps): Acquiring new snowflake connection "test.tpch.stg_tpch_regions".
2021-10-04 15:05:13.934730 (70bfb75a-bab9-4b8e-a80c-464c20190466-handler-deps): Acquiring new snowflake connection "test.tpch.stg_tpch_part_suppliers".
2021-10-04 15:05:13.939525 (70bfb75a-bab9-4b8e-a80c-464c20190466-handler-deps): Acquiring new snowflake connection "test.tpch.agg_ship_modes_dynamic_pivot".
2021-10-04 15:05:13.946231 (70bfb75a-bab9-4b8e-a80c-464c20190466-handler-deps): Acquiring new snowflake connection "test.tpch.agg_ship_modes_hardcoded_pivot".
2021-10-04 15:05:13.951174 (70bfb75a-bab9-4b8e-a80c-464c20190466-handler-deps): Acquiring new snowflake connection "test.tpch.fct_order_items".
2021-10-04 15:05:13.956055 (70bfb75a-bab9-4b8e-a80c-464c20190466-handler-deps): Acquiring new snowflake connection "test.tpch.fct_orders".
2021-10-04 15:05:13.960844 (70bfb75a-bab9-4b8e-a80c-464c20190466-handler-deps): Acquiring new snowflake connection "test.tpch.dim_customers".
2021-10-04 15:05:13.966096 (70bfb75a-bab9-4b8e-a80c-464c20190466-handler-deps): Acquiring new snowflake connection "test.tpch.dim_suppliers".
2021-10-04 15:05:13.970840 (70bfb75a-bab9-4b8e-a80c-464c20190466-handler-deps): Acquiring new snowflake connection "test.tpch.dim_parts".
2021-10-04 15:05:13.975136 (70bfb75a-bab9-4b8e-a80c-464c20190466-handler-deps): Acquiring new snowflake connection "test.tpch.order_items".
2021-10-04 15:05:13.980434 (70bfb75a-bab9-4b8e-a80c-464c20190466-handler-deps): Acquiring new snowflake connection "test.tpch.part_suppliers".
2021-10-04 15:05:14.007536 (70bfb75a-bab9-4b8e-a80c-464c20190466-handler-deps): Acquiring new snowflake connection "operation.tpch.tpch-on-run-start-0".
2021-10-04 15:05:14.010065 (70bfb75a-bab9-4b8e-a80c-464c20190466-handler-deps): Acquiring new snowflake connection "operation.tpch.tpch-on-run-start-1".
2021-10-04 15:05:14.018281 (70bfb75a-bab9-4b8e-a80c-464c20190466-handler-deps): Acquiring new snowflake connection "operation.tpch.tpch-on-run-end-0".
2021-10-04 15:05:14.020810 (70bfb75a-bab9-4b8e-a80c-464c20190466-handler-deps): Acquiring new snowflake connection "operation.tpch.tpch-on-run-end-1".
2021-10-04 15:05:14.712924 (70bfb75a-bab9-4b8e-a80c-464c20190466-handler-deps): [WARNING]: Configuration paths exist in your dbt_project.yml file which do not apply to any resources.
There are 1 unused configuration paths:
- models.snowflake_spend

2021-10-04 15:05:14.721802 (70bfb75a-bab9-4b8e-a80c-464c20190466-handler-deps): Sending event: {'category': 'dbt', 'action': 'load_project', 'label': '1292b1c6-8bba-41eb-aea8-b139886aff00', 'context': [<snowplow_tracker.self_describing_json.SelfDescribingJson object at 0x7fe93815e3d0>]}
2021-10-04 15:05:15.402601 (Thread-33): handling poll request
2021-10-04 15:05:15.402901 (Thread-33): Sending event: {'category': 'dbt', 'action': 'rpc_request', 'label': '1292b1c6-8bba-41eb-aea8-b139886aff00', 'context': [<snowplow_tracker.self_describing_json.SelfDescribingJson object at 0x7fe9043dd7f0>]}
2021-10-04 15:05:15.403482 (Thread-33): sending response (<Response 360 bytes [200 OK]>) to 10.0.31.103
2021-10-04 15:05:17.164738 (Thread-34): handling status request
2021-10-04 15:05:17.165075 (Thread-34): Sending event: {'category': 'dbt', 'action': 'rpc_request', 'label': '1292b1c6-8bba-41eb-aea8-b139886aff00', 'context': [<snowplow_tracker.self_describing_json.SelfDescribingJson object at 0x7fe90447b9a0>]}
2021-10-04 15:05:17.165784 (Thread-34): sending response (<Response 8409 bytes [200 OK]>) to 10.0.24.43
2021-10-04 15:05:17.326022 (Thread-35): handling status request
2021-10-04 15:05:17.326418 (Thread-35): Sending event: {'category': 'dbt', 'action': 'rpc_request', 'label': '1292b1c6-8bba-41eb-aea8-b139886aff00', 'context': [<snowplow_tracker.self_describing_json.SelfDescribingJson object at 0x7fe9043dd070>]}
2021-10-04 15:05:17.327218 (Thread-35): sending response (<Response 8409 bytes [200 OK]>) to 10.0.33.13
2021-10-04 15:05:17.751954 (Thread-36): handling status request
2021-10-04 15:05:17.752245 (Thread-36): Sending event: {'category': 'dbt', 'action': 'rpc_request', 'label': '1292b1c6-8bba-41eb-aea8-b139886aff00', 'context': [<snowplow_tracker.self_describing_json.SelfDescribingJson object at 0x7fe90434e670>]}
2021-10-04 15:05:17.753020 (Thread-36): sending response (<Response 8409 bytes [200 OK]>) to 10.0.33.13
2021-10-04 15:05:18.008695 (Thread-37): handling status request
2021-10-04 15:05:18.008983 (Thread-37): Sending event: {'category': 'dbt', 'action': 'rpc_request', 'label': '1292b1c6-8bba-41eb-aea8-b139886aff00', 'context': [<snowplow_tracker.self_describing_json.SelfDescribingJson object at 0x7fe90434ea30>]}
2021-10-04 15:05:18.009665 (Thread-37): sending response (<Response 8409 bytes [200 OK]>) to 10.0.38.186
